<?xml version="1.0" encoding="UTF-8"?>
<!-- Generated by org.testng.reporters.JUnitReportReporter -->
<testsuite skipped="0" hostname="Ayses-MBP.home" name="com.hubspot.test.LoginPageTest" tests="4" failures="0" timestamp="14 Mar 2020 19:42:14 GMT" time="40.209" errors="0">
  <testcase name="getTitle" time="8.930" classname="com.hubspot.test.LoginPageTest"/>
  <testcase name="loginTest1" time="9.860" classname="com.hubspot.test.LoginPageTest"/>
  <testcase name="aloginTest2" time="9.854" classname="com.hubspot.test.LoginPageTest"/>
  <testcase name="aloginTest3" time="11.565" classname="com.hubspot.test.LoginPageTest"/>
</testsuite> <!-- com.hubspot.test.LoginPageTest -->
