<?xml version="1.0" encoding="UTF-8"?>
<!-- Generated by org.testng.reporters.JUnitReportReporter -->
<testsuite skipped="0" hostname="Ayses-MBP.home" name="com.hubspot.test.ContactTest" tests="4" failures="0" timestamp="14 Mar 2020 01:29:23 GMT" time="123.294" errors="0">
  <testcase name="verifyContactPageTitle" time="14.596" classname="com.hubspot.test.ContactTest"/>
  <testcase name="createNewContactTest" time="36.373" classname="com.hubspot.test.ContactTest"/>
  <testcase name="createNewContactTest" time="35.034" classname="com.hubspot.test.ContactTest"/>
  <testcase name="createNewContactTest" time="37.291" classname="com.hubspot.test.ContactTest"/>
</testsuite> <!-- com.hubspot.test.ContactTest -->
